<?xml version="1.0" encoding="UTF-8"?>
<!-- Generated by org.testng.reporters.JUnitReportReporter -->
<testsuite skipped="0" hostname="DESKTOP-N0VJ99P" name="com.demo.testcases.LoginTestCRM" tests="1" failures="0" timestamp="18 Aug 2019 14:35:23 GMT" time="18.570" errors="0">
  <testcase name="loginApp" time="18.570" classname="com.demo.testcases.LoginTestCRM"/>
</testsuite> <!-- com.demo.testcases.LoginTestCRM -->
