<?xml version="1.0" encoding="UTF-8"?>
<!-- Generated by org.testng.reporters.JUnitReportReporter -->
<testsuite skipped="0" hostname="DESKTOP-N0VJ99P" name="com.bagal.selenuim.BrokenLinks" tests="1" failures="0" timestamp="17 Aug 2019 03:30:46 GMT" time="29.718" errors="0">
  <testcase name="brokenLinkTest" time="29.718" classname="com.bagal.selenuim.BrokenLinks"/>
</testsuite> <!-- com.bagal.selenuim.BrokenLinks -->
