<?xml version="1.0" encoding="UTF-8"?>
<!-- Generated by org.testng.reporters.JUnitReportReporter -->
<testsuite skipped="0" hostname="bagal" name="com.bagal.selenuim.BrokenLinks" tests="1" failures="0" timestamp="06 Sep 2019 14:11:08 GMT" time="14.216" errors="0">
  <testcase name="brokenLinkTest" time="14.216" classname="com.bagal.selenuim.BrokenLinks"/>
</testsuite> <!-- com.bagal.selenuim.BrokenLinks -->
