<?xml version="1.0" encoding="UTF-8"?>
<!-- Generated by org.testng.reporters.JUnitReportReporter -->
<testsuite skipped="0" hostname="DESKTOP-N0VJ99P" name="com.bagal.selenuim.ExtentReportDemo" tests="1" failures="0" timestamp="16 Aug 2019 17:55:35 GMT" time="12.025" errors="0">
  <testcase name="verifyTitle" time="12.025" classname="com.bagal.selenuim.ExtentReportDemo"/>
</testsuite> <!-- com.bagal.selenuim.ExtentReportDemo -->
