<?xml version="1.0" encoding="UTF-8"?>
<!-- Generated by org.testng.reporters.JUnitReportReporter -->
<testsuite skipped="0" hostname="bagal" name="com.bagal.selenuim.BlankNewTab" tests="1" failures="0" timestamp="06 Sep 2019 13:42:01 GMT" time="5.120" errors="0">
  <testcase name="newBlankTab" time="5.120" classname="com.bagal.selenuim.BlankNewTab"/>
</testsuite> <!-- com.bagal.selenuim.BlankNewTab -->
