<?xml version="1.0" encoding="UTF-8"?>
<!-- Generated by org.testng.reporters.JUnitReportReporter -->
<testsuite skipped="0" hostname="bagal" name="com.nichethyself.testcases.LoginTestNT" tests="1" failures="0" timestamp="23 Aug 2019 17:39:20 GMT" time="0.571" errors="0">
  <testcase name="loginApp" time="0.571" classname="com.nichethyself.testcases.LoginTestNT"/>
</testsuite> <!-- com.nichethyself.testcases.LoginTestNT -->
