<?xml version="1.0" encoding="UTF-8"?>
<!-- Generated by org.testng.reporters.JUnitReportReporter -->
<testsuite skipped="0" hostname="DESKTOP-HKROND0" name="assignments.WebTable" tests="1" failures="0" timestamp="26 Jul 2019 04:01:07 GMT" time="15.213" errors="0">
  <testcase name="deleteWebTableDataTest1" time="15.213" classname="assignments.WebTable"/>
</testsuite> <!-- assignments.WebTable -->
