<?xml version="1.0" encoding="UTF-8"?>
<!-- Generated by org.testng.reporters.JUnitReportReporter -->
<testsuite skipped="0" hostname="bagal" name="testng.Abc1" tests="3" failures="0" timestamp="06 Sep 2019 13:13:31 GMT" time="0.012" errors="0">
  <testcase name="acb2" time="0.002" classname="testng.Abc1"/>
  <testcase name="acb1" time="0.007" classname="testng.Abc1"/>
  <testcase name="acb3" time="0.003" classname="testng.Abc1"/>
</testsuite> <!-- testng.Abc1 -->
