<?xml version="1.0" encoding="UTF-8"?>
<!-- Generated by org.testng.reporters.JUnitReportReporter -->
<testsuite skipped="0" hostname="bagal" name="javascript.ScrollPage" tests="1" failures="0" timestamp="25 Aug 2019 07:23:06 GMT" time="0.006" errors="0">
  <testcase name="scrollPageTest" time="0.006" classname="javascript.ScrollPage"/>
</testsuite> <!-- javascript.ScrollPage -->
