<?xml version="1.0" encoding="UTF-8"?>
<!-- Generated by org.testng.reporters.JUnitReportReporter -->
<testsuite skipped="0" hostname="DESKTOP-HKROND0" name="testng.Abc1" tests="3" failures="0" timestamp="03 Aug 2019 03:05:30 GMT" time="0.018" errors="0">
  <testcase name="acb1" time="0.011" classname="testng.Abc1"/>
  <testcase name="acb3" time="0.004" classname="testng.Abc1"/>
  <testcase name="acb2" time="0.003" classname="testng.Abc1"/>
</testsuite> <!-- testng.Abc1 -->
