<?xml version="1.0" encoding="UTF-8"?>
<!-- Generated by org.testng.reporters.JUnitReportReporter -->
<testsuite skipped="0" hostname="DESKTOP-HKROND0" name="assignments.DynamicDropDown" tests="1" failures="0" timestamp="02 Aug 2019 04:03:30 GMT" time="26.648" errors="0">
  <testcase name="dropDownTest" time="26.648" classname="assignments.DynamicDropDown"/>
</testsuite> <!-- assignments.DynamicDropDown -->
