<?xml version="1.0" encoding="UTF-8"?>
<!-- Generated by org.testng.reporters.JUnitReportReporter -->
<testsuite skipped="0" hostname="bagal" name="docker.demo.CHTestDemo" tests="1" failures="0" timestamp="28 Aug 2019 05:47:54 GMT" time="7.329" errors="0">
  <testcase name="demoTest2" time="7.329" classname="docker.demo.CHTestDemo"/>
</testsuite> <!-- docker.demo.CHTestDemo -->
