<?xml version="1.0" encoding="UTF-8"?>
<!-- Generated by org.testng.reporters.JUnitReportReporter -->
<testsuite skipped="0" hostname="DESKTOP-HKROND0" name="assignments.RowSelectionTests" tests="1" failures="0" timestamp="29 Jul 2019 05:50:18 GMT" time="21.666" errors="0">
  <testcase name="rowSelectionShiftTest" time="21.666" classname="assignments.RowSelectionTests"/>
</testsuite> <!-- assignments.RowSelectionTests -->
