<?xml version="1.0" encoding="UTF-8"?>
<!-- Generated by org.testng.reporters.JUnitReportReporter -->
<testsuite skipped="0" hostname="DESKTOP-HKROND0" name="scripts.FindAllGoogleLinks" tests="1" failures="0" timestamp="27 Jul 2019 18:10:59 GMT" time="11.189" errors="0">
  <testcase name="getGoogleLink" time="11.189" classname="scripts.FindAllGoogleLinks"/>
</testsuite> <!-- scripts.FindAllGoogleLinks -->
