<?xml version="1.0" encoding="UTF-8"?>
<!-- Generated by org.testng.reporters.JUnitReportReporter -->
<testsuite skipped="0" hostname="DESKTOP-HKROND0" name="scripts.DragAndDropTest" tests="1" failures="0" timestamp="27 Jul 2019 13:32:07 GMT" time="13.296" errors="0">
  <testcase name="dragAndDropTest" time="13.296" classname="scripts.DragAndDropTest"/>
</testsuite> <!-- scripts.DragAndDropTest -->
