<?xml version="1.0" encoding="UTF-8"?>
<!-- Generated by org.testng.reporters.JUnitReportReporter -->
<testsuite skipped="0" hostname="DESKTOP-HKROND0" name="Assignments.Assignment1Gmail" tests="1" failures="0" timestamp="20 Jul 2019 15:48:46 GMT" time="43.136" errors="0">
  <testcase name="sendGmail" time="43.136" classname="Assignments.Assignment1Gmail"/>
</testsuite> <!-- Assignments.Assignment1Gmail -->
