<?xml version="1.0" encoding="UTF-8"?>
<!-- Generated by org.testng.reporters.JUnitReportReporter -->
<testsuite skipped="0" hostname="DESKTOP-HKROND0" name="assignments.DoubleClick" tests="1" failures="0" timestamp="27 Jul 2019 15:05:50 GMT" time="15.621" errors="0">
  <testcase name="doubleClickTest" time="15.621" classname="assignments.DoubleClick"/>
</testsuite> <!-- assignments.DoubleClick -->
