<?xml version="1.0" encoding="UTF-8"?>
<!-- Generated by org.testng.reporters.JUnitReportReporter -->
<testsuite skipped="0" hostname="DESKTOP-HKROND0" name="assignments17july.Assignment2ToolsQA" tests="1" failures="0" timestamp="20 Jul 2019 17:46:20 GMT" time="27.407" errors="0">
  <testcase name="toolsqaTest" time="27.407" classname="assignments17july.Assignment2ToolsQA"/>
</testsuite> <!-- assignments17july.Assignment2ToolsQA -->
