<?xml version="1.0" encoding="UTF-8"?>
<!-- Generated by org.testng.reporters.JUnitReportReporter -->
<testsuite skipped="0" hostname="DESKTOP-HKROND0" name="pageobject1.LoginTest" tests="1" failures="0" timestamp="29 Jul 2019 06:18:53 GMT" time="8.269" errors="0">
  <testcase name="loginTest" time="8.269" classname="pageobject1.LoginTest"/>
</testsuite> <!-- pageobject1.LoginTest -->
