<?xml version="1.0" encoding="UTF-8"?>
<!-- Generated by org.testng.reporters.JUnitReportReporter -->
<testsuite skipped="0" hostname="DESKTOP-HKROND0" name="assignments.windowHandlesTests" tests="1" failures="0" timestamp="23 Jul 2019 04:52:11 GMT" time="29.441" errors="0">
  <testcase name="printAllWindowHandlesStringTest" time="29.441" classname="assignments.windowHandlesTests"/>
</testsuite> <!-- assignments.windowHandlesTests -->
