<?xml version="1.0" encoding="UTF-8"?>
<!-- Generated by org.testng.reporters.JUnitReportReporter -->
<testsuite skipped="0" hostname="DESKTOP-HKROND0" name="assignments.MoveToElement" tests="1" failures="0" timestamp="27 Jul 2019 18:25:18 GMT" time="25.004" errors="0">
  <testcase name="moveToElementTest" time="25.004" classname="assignments.MoveToElement"/>
</testsuite> <!-- assignments.MoveToElement -->
