<?xml version="1.0" encoding="UTF-8"?>
<!-- Generated by org.testng.reporters.JUnitReportReporter -->
<testsuite skipped="0" hostname="DESKTOP-HKROND0" name="pageobject.pageobject5.TestDemo" tests="1" failures="0" timestamp="03 Aug 2019 04:21:15 GMT" time="9.491" errors="0">
  <testcase name="loginTest" time="9.491" classname="pageobject.pageobject5.TestDemo"/>
</testsuite> <!-- pageobject.pageobject5.TestDemo -->
