<?xml version="1.0" encoding="UTF-8"?>
<!-- Generated by org.testng.reporters.JUnitReportReporter -->
<testsuite skipped="0" hostname="DESKTOP-HKROND0" name="assignments17july.Assignment5CompareProducts" tests="1" failures="0" timestamp="20 Jul 2019 18:06:49 GMT" time="74.843" errors="0">
  <testcase name="compareTest" time="74.843" classname="assignments17july.Assignment5CompareProducts"/>
</testsuite> <!-- assignments17july.Assignment5CompareProducts -->
