<?xml version="1.0" encoding="UTF-8"?>
<!-- Generated by org.testng.reporters.JUnitReportReporter -->
<testsuite skipped="0" hostname="bagal" name="testng.Abc4" tests="1" failures="0" timestamp="06 Sep 2019 13:13:31 GMT" time="0.001" errors="0">
  <testcase name="acb4" time="0.001" classname="testng.Abc4"/>
</testsuite> <!-- testng.Abc4 -->
