<?xml version="1.0" encoding="UTF-8"?>
<!-- Generated by org.testng.reporters.JUnitReportReporter -->
<testsuite skipped="0" hostname="bagal" name="javascript.PageScroll" tests="1" failures="0" timestamp="25 Aug 2019 04:22:43 GMT" time="11.193" errors="0">
  <testcase name="scrollPage" time="11.193" classname="javascript.PageScroll"/>
</testsuite> <!-- javascript.PageScroll -->
