<?xml version="1.0" encoding="UTF-8"?>
<!-- Generated by org.testng.reporters.JUnitReportReporter -->
<testsuite skipped="0" hostname="DESKTOP-HKROND0" name="scripts.BrowserAndElementCommands" tests="1" failures="0" timestamp="19 Jul 2019 14:33:44 GMT" time="29.586" errors="0">
  <testcase name="testMultiCombo" time="29.586" classname="scripts.BrowserAndElementCommands"/>
</testsuite> <!-- scripts.BrowserAndElementCommands -->
