<?xml version="1.0" encoding="UTF-8"?>
<!-- Generated by org.testng.reporters.JUnitReportReporter -->
<testsuite skipped="0" hostname="DESKTOP-HKROND0" name="assignments.MostImportant" tests="1" failures="0" timestamp="30 Jul 2019 12:58:23 GMT" time="48.332" errors="0">
  <testcase name="mostImportantTest" time="48.332" classname="assignments.MostImportant"/>
</testsuite> <!-- assignments.MostImportant -->
