<?xml version="1.0" encoding="UTF-8"?>
<!-- Generated by org.testng.reporters.JUnitReportReporter -->
<testsuite skipped="0" hostname="DESKTOP-N0VJ99P" name="assignments.AmazonTest" tests="1" failures="0" timestamp="10 Aug 2019 14:24:15 GMT" time="31.850" errors="0">
  <testcase name="amazonTest" time="31.850" classname="assignments.AmazonTest"/>
</testsuite> <!-- assignments.AmazonTest -->
