<?xml version="1.0" encoding="UTF-8"?>
<!-- Generated by org.testng.reporters.JUnitReportReporter -->
<testsuite skipped="0" hostname="bagal" name="docker.demo.FFTestDemo" tests="1" failures="0" timestamp="28 Aug 2019 05:47:54 GMT" time="13.092" errors="0">
  <testcase name="demoTest1" time="13.092" classname="docker.demo.FFTestDemo"/>
</testsuite> <!-- docker.demo.FFTestDemo -->
