<?xml version="1.0" encoding="UTF-8"?>
<!-- Generated by org.testng.reporters.JUnitReportReporter -->
<testsuite skipped="0" hostname="bagal" name="testng.Abc3" tests="1" failures="0" timestamp="06 Sep 2019 13:13:31 GMT" time="0.002" errors="0">
  <testcase name="acb3" time="0.002" classname="testng.Abc3"/>
</testsuite> <!-- testng.Abc3 -->
