<?xml version="1.0" encoding="UTF-8"?>
<!-- Generated by org.testng.reporters.JUnitReportReporter -->
<testsuite skipped="0" hostname="DESKTOP-HKROND0" name="pageobject.pageobject3.LoginTest" tests="1" failures="0" timestamp="29 Jul 2019 06:49:52 GMT" time="7.789" errors="0">
  <testcase name="loginTest" time="7.789" classname="pageobject.pageobject3.LoginTest"/>
</testsuite> <!-- pageobject.pageobject3.LoginTest -->
