<?xml version="1.0" encoding="UTF-8"?>
<!-- Generated by org.testng.reporters.JUnitReportReporter -->
<testsuite skipped="0" hostname="DESKTOP-HKROND0" name="assignments.WindowSwitch" tests="1" failures="0" timestamp="25 Jul 2019 06:13:51 GMT" time="13.541" errors="0">
  <testcase name="windowSwitch" time="13.541" classname="assignments.WindowSwitch"/>
</testsuite> <!-- assignments.WindowSwitch -->
