<?xml version="1.0" encoding="UTF-8"?>
<!-- Generated by org.testng.reporters.JUnitReportReporter -->
<testsuite skipped="0" hostname="DESKTOP-HKROND0" name="assignments.AlertTests" tests="1" failures="0" timestamp="21 Jul 2019 03:25:29 GMT" time="19.041" errors="0">
  <testcase name="alertTests" time="19.041" classname="assignments.AlertTests"/>
</testsuite> <!-- assignments.AlertTests -->
